0 info it worked if it ends with ok
1 verbose cli [ '/usr/bin/node', '/usr/bin/npm', 'run', 'go' ]
2 info using npm@3.7.1
3 info using node@v5.3.0
4 verbose run-script [ 'prego', 'go', 'postgo' ]
5 info lifecycle st-tweets@0.1.0~prego: st-tweets@0.1.0
6 silly lifecycle st-tweets@0.1.0~prego: no script for prego, continuing
7 info lifecycle st-tweets@0.1.0~go: st-tweets@0.1.0
8 verbose lifecycle st-tweets@0.1.0~go: unsafe-perm in lifecycle true
9 verbose lifecycle st-tweets@0.1.0~go: PATH: /usr/lib/node_modules/npm/bin/node-gyp-bin:/home/jeandre/scratch-cloud-services/st-tweets/node_modules/.bin:/usr/bin:/usr/local/sbin:/usr/local/bin:/usr/bin:/usr/bin/site_perl:/usr/bin/vendor_perl:/usr/bin/core_perl
10 verbose lifecycle st-tweets@0.1.0~go: CWD: /home/jeandre/scratch-cloud-services/st-tweets
11 silly lifecycle st-tweets@0.1.0~go: Args: [ '-c', 'node index.js' ]
12 silly lifecycle st-tweets@0.1.0~go: Returned: code: 1  signal: null
13 info lifecycle st-tweets@0.1.0~go: Failed to exec go script
14 verbose stack Error: st-tweets@0.1.0 go: `node index.js`
14 verbose stack Exit status 1
14 verbose stack     at EventEmitter.<anonymous> (/usr/lib/node_modules/npm/lib/utils/lifecycle.js:239:16)
14 verbose stack     at emitTwo (events.js:87:13)
14 verbose stack     at EventEmitter.emit (events.js:172:7)
14 verbose stack     at ChildProcess.<anonymous> (/usr/lib/node_modules/npm/lib/utils/spawn.js:24:14)
14 verbose stack     at emitTwo (events.js:87:13)
14 verbose stack     at ChildProcess.emit (events.js:172:7)
14 verbose stack     at maybeClose (internal/child_process.js:818:16)
14 verbose stack     at Process.ChildProcess._handle.onexit (internal/child_process.js:211:5)
15 verbose pkgid st-tweets@0.1.0
16 verbose cwd /home/jeandre/scratch-cloud-services/st-tweets
17 error Linux 4.3.3-gnu-1
18 error argv "/usr/bin/node" "/usr/bin/npm" "run" "go"
19 error node v5.3.0
20 error npm  v3.7.1
21 error code ELIFECYCLE
22 error st-tweets@0.1.0 go: `node index.js`
22 error Exit status 1
23 error Failed at the st-tweets@0.1.0 go script 'node index.js'.
23 error Make sure you have the latest version of node.js and npm installed.
23 error If you do, this is most likely a problem with the st-tweets package,
23 error not with npm itself.
23 error Tell the author that this fails on your system:
23 error     node index.js
23 error You can get information on how to open an issue for this project with:
23 error     npm bugs st-tweets
23 error Or if that isn't available, you can get their info via:
23 error     npm owner ls st-tweets
23 error There is likely additional logging output above.
24 verbose exit [ 1, true ]
